<?xml version="1.0" encoding="UTF-8"?>
<!-- Generated by org.testng.reporters.JUnitReportReporter -->
<testsuite hostname="ERROR" failures="0" tests="5" name="AppTestCases.TestCases" time="89.624" errors="0" timestamp="2024-05-14T19:17:55 EET" skipped="0">
  <testcase classname="AppTestCases.TestCases" name="ChooseCountry" time="21.412"/>
  <system-out/>
  <testcase classname="AppTestCases.TestCases" name="SigninProcess" time="13.796"/>
  <system-out/>
  <testcase classname="AppTestCases.TestCases" name="searchFlight" time="18.413"/>
  <system-out/>
  <testcase classname="AppTestCases.TestCases" name="selectDepartureAndReturnDate" time="9.841"/>
  <system-out/>
  <testcase classname="AppTestCases.TestCases" name="selectPassenfersRandomly" time="26.162"/>
  <system-out/>
</testsuite> <!-- AppTestCases.TestCases -->
