<?xml version="1.0" encoding="UTF-8"?>
<!-- Generated by org.testng.reporters.JUnitReportReporter -->
<testsuite hostname="ERROR" failures="0" tests="5" name="AppTestCases.TestCases" time="97.079" errors="0" timestamp="2024-05-13T18:21:48 EET" skipped="0">
  <testcase classname="AppTestCases.TestCases" name="ChooseCountry" time="26.455"/>
  <system-out/>
  <testcase classname="AppTestCases.TestCases" name="SigninProcess" time="16.268"/>
  <system-out/>
  <testcase classname="AppTestCases.TestCases" name="searchFlight" time="23.753"/>
  <system-out/>
  <testcase classname="AppTestCases.TestCases" name="selectDepartureAndReturnDate" time="11.498"/>
  <system-out/>
  <testcase classname="AppTestCases.TestCases" name="selectPassenfersRandomly" time="19.105"/>
  <system-out/>
</testsuite> <!-- AppTestCases.TestCases -->
